2020-07-29 13:58:57 INFO - --------
2020-07-29 13:58:57 INFO - Starting Node.js Portable 2.10.0...
2020-07-29 13:58:57 INFO - Current path: C:\Users\anuwk457\Downloads\webssh2-master\app
2020-07-29 13:59:06 INFO - >> INSTALL
2020-07-29 13:59:27 INFO - nodejsVersion: 8.11.3
2020-07-29 13:59:29 INFO - nodejsArch: x86
2020-07-29 13:59:29 INFO - Checking Node.js version 8.11.3... 
2020-07-29 13:59:29 INFO - Downloading https://nodejs.org/dist/v8.11.3/node-v8.11.3-win-x86.zip...
2020-07-29 14:02:20 INFO - Extracting node-v8.11.3-win-x86.zip... 
2020-07-29 14:08:03 INFO - Moving nodejs folder... 
2020-07-29 14:09:58 INFO - Creating Node.js configuration... 
2020-07-29 14:10:04 ERRO - Unknown command 'help'
2020-07-29 14:10:10 INFO - >> SHELL
2020-07-29 14:10:10 INFO - Checking if Node.js installed... 
2020-07-29 14:10:10 INFO - Creating Node.js configuration... 
2020-07-29 14:10:10 INFO - Checking custom paths...
2020-07-29 14:10:10 INFO - # C:\Program Files (x86)\Git\cmd 
2020-07-29 14:10:10 WARN - Not found...
2020-07-29 14:10:10 INFO - # D:\another_path 
2020-07-29 14:10:10 WARN - Not found...
2020-07-29 14:10:11 INFO - # C:\Users\anuwk457\Downloads\webssh2-master\a_relative_path 
2020-07-29 14:10:11 WARN - Not found...
2020-07-29 14:10:11 INFO - Adding node to PATH... 
2020-07-29 14:10:11 INFO - Setting NODE_PATH... 
2020-07-29 14:10:11 INFO - Creating launch script... 
2020-07-29 14:10:15 INFO - Clearing screen...
2020-07-29 14:10:15 INFO - Starting up the shell... 
